<?xml version="1.0" encoding="UTF-8"?>
<testsuite name="com.example.helloproject.HelloProjectApplicationTests" tests="1" skipped="0" failures="0" errors="0" timestamp="2023-05-26T17:37:44" hostname="DESKTOP-1EB4BNG" time="0.48">
  <properties/>
  <testcase name="contextLoads()" classname="com.example.helloproject.HelloProjectApplicationTests" time="0.48"/>
  <system-out><![CDATA[02:37:29.084 [Test worker] DEBUG org.springframework.test.context.BootstrapUtils - Instantiating CacheAwareContextLoaderDelegate from class [org.springframework.test.context.cache.DefaultCacheAwareContextLoaderDelegate]
02:37:29.102 [Test worker] DEBUG org.springframework.test.context.BootstrapUtils - Instantiating BootstrapContext using constructor [public org.springframework.test.context.support.DefaultBootstrapContext(java.lang.Class,org.springframework.test.context.CacheAwareContextLoaderDelegate)]
02:37:29.161 [Test worker] DEBUG org.springframework.test.context.BootstrapUtils - Instantiating TestContextBootstrapper for test class [com.example.helloproject.HelloProjectApplicationTests] from class [org.springframework.boot.test.context.SpringBootTestContextBootstrapper]
02:37:29.186 [Test worker] INFO org.springframework.boot.test.context.SpringBootTestContextBootstrapper - Neither @ContextConfiguration nor @ContextHierarchy found for test class [com.example.helloproject.HelloProjectApplicationTests], using SpringBootContextLoader
02:37:29.193 [Test worker] DEBUG org.springframework.test.context.support.AbstractContextLoader - Did not detect default resource location for test class [com.example.helloproject.HelloProjectApplicationTests]: class path resource [com/example/helloproject/HelloProjectApplicationTests-context.xml] does not exist
02:37:29.194 [Test worker] DEBUG org.springframework.test.context.support.AbstractContextLoader - Did not detect default resource location for test class [com.example.helloproject.HelloProjectApplicationTests]: class path resource [com/example/helloproject/HelloProjectApplicationTestsContext.groovy] does not exist
02:37:29.194 [Test worker] INFO org.springframework.test.context.support.AbstractContextLoader - Could not detect default resource locations for test class [com.example.helloproject.HelloProjectApplicationTests]: no resource found for suffixes {-context.xml, Context.groovy}.
02:37:29.196 [Test worker] INFO org.springframework.test.context.support.AnnotationConfigContextLoaderUtils - Could not detect default configuration classes for test class [com.example.helloproject.HelloProjectApplicationTests]: HelloProjectApplicationTests does not declare any static, non-private, non-final, nested classes annotated with @Configuration.
02:37:29.271 [Test worker] DEBUG org.springframework.test.context.support.ActiveProfilesUtils - Could not find an 'annotation declaring class' for annotation type [org.springframework.test.context.ActiveProfiles] and class [com.example.helloproject.HelloProjectApplicationTests]
02:37:29.422 [Test worker] DEBUG org.springframework.context.annotation.ClassPathScanningCandidateComponentProvider - Identified candidate component class: file [C:\Users\dksqu\Desktop\backend_portfolio_2023\hello-project\hello-project\build\classes\java\main\com\example\helloproject\HelloProjectApplication.class]
02:37:29.425 [Test worker] INFO org.springframework.boot.test.context.SpringBootTestContextBootstrapper - Found @SpringBootConfiguration com.example.helloproject.HelloProjectApplication for test class com.example.helloproject.HelloProjectApplicationTests
02:37:29.688 [Test worker] DEBUG org.springframework.boot.test.context.SpringBootTestContextBootstrapper - @TestExecutionListeners is not present for class [com.example.helloproject.HelloProjectApplicationTests]: using defaults.
02:37:29.689 [Test worker] INFO org.springframework.boot.test.context.SpringBootTestContextBootstrapper - Loaded default TestExecutionListener class names from location [META-INF/spring.factories]: [org.springframework.boot.test.autoconfigure.restdocs.RestDocsTestExecutionListener, org.springframework.boot.test.autoconfigure.web.client.MockRestServiceServerResetTestExecutionListener, org.springframework.boot.test.autoconfigure.web.servlet.MockMvcPrintOnlyOnFailureTestExecutionListener, org.springframework.boot.test.autoconfigure.web.servlet.WebDriverTestExecutionListener, org.springframework.boot.test.autoconfigure.webservices.client.MockWebServiceServerTestExecutionListener, org.springframework.boot.test.mock.mockito.MockitoTestExecutionListener, org.springframework.boot.test.mock.mockito.ResetMocksTestExecutionListener, org.springframework.test.context.web.ServletTestExecutionListener, org.springframework.test.context.support.DirtiesContextBeforeModesTestExecutionListener, org.springframework.test.context.event.ApplicationEventsTestExecutionListener, org.springframework.test.context.support.DependencyInjectionTestExecutionListener, org.springframework.test.context.support.DirtiesContextTestExecutionListener, org.springframework.test.context.transaction.TransactionalTestExecutionListener, org.springframework.test.context.jdbc.SqlScriptsTestExecutionListener, org.springframework.test.context.event.EventPublishingTestExecutionListener]
02:37:29.728 [Test worker] INFO org.springframework.boot.test.context.SpringBootTestContextBootstrapper - Using TestExecutionListeners: [org.springframework.test.context.web.ServletTestExecutionListener@4a9f80d3, org.springframework.test.context.support.DirtiesContextBeforeModesTestExecutionListener@35beb15e, org.springframework.test.context.event.ApplicationEventsTestExecutionListener@41fe9859, org.springframework.boot.test.mock.mockito.MockitoTestExecutionListener@5ac86ba5, org.springframework.boot.test.autoconfigure.SpringBootDependencyInjectionTestExecutionListener@6c67e137, org.springframework.test.context.support.DirtiesContextTestExecutionListener@2c9399a4, org.springframework.test.context.transaction.TransactionalTestExecutionListener@191ae03f, org.springframework.test.context.jdbc.SqlScriptsTestExecutionListener@9635fa, org.springframework.test.context.event.EventPublishingTestExecutionListener@53ab0286, org.springframework.boot.test.autoconfigure.restdocs.RestDocsTestExecutionListener@63c5efee, org.springframework.boot.test.autoconfigure.web.client.MockRestServiceServerResetTestExecutionListener@2d10e0b1, org.springframework.boot.test.autoconfigure.web.servlet.MockMvcPrintOnlyOnFailureTestExecutionListener@1c98290c, org.springframework.boot.test.autoconfigure.web.servlet.WebDriverTestExecutionListener@172ca72b, org.springframework.boot.test.autoconfigure.webservices.client.MockWebServiceServerTestExecutionListener@5bda80bf, org.springframework.boot.test.mock.mockito.ResetMocksTestExecutionListener@71e5f61d]
02:37:29.737 [Test worker] DEBUG org.springframework.test.context.support.AbstractDirtiesContextTestExecutionListener - Before test class: context [DefaultTestContext@2b58f754 testClass = HelloProjectApplicationTests, testInstance = [null], testMethod = [null], testException = [null], mergedContextConfiguration = [WebMergedContextConfiguration@3ebff828 testClass = HelloProjectApplicationTests, locations = '{}', classes = '{class com.example.helloproject.HelloProjectApplication}', contextInitializerClasses = '[]', activeProfiles = '{}', propertySourceLocations = '{}', propertySourceProperties = '{org.springframework.boot.test.context.SpringBootTestContextBootstrapper=true}', contextCustomizers = set[org.springframework.boot.test.autoconfigure.actuate.metrics.MetricsExportContextCustomizerFactory$DisableMetricExportContextCustomizer@7862f56, org.springframework.boot.test.autoconfigure.properties.PropertyMappingContextCustomizer@0, org.springframework.boot.test.autoconfigure.web.servlet.WebDriverContextCustomizerFactory$Customizer@6187d1f5, org.springframework.boot.test.context.filter.ExcludeFilterContextCustomizer@46944ca9, org.springframework.boot.test.json.DuplicateJsonObjectContextCustomizerFactory$DuplicateJsonObjectContextCustomizer@5674e1f2, org.springframework.boot.test.mock.mockito.MockitoContextCustomizer@0, org.springframework.boot.test.web.client.TestRestTemplateContextCustomizer@6986bbaf, org.springframework.boot.test.context.SpringBootTestArgs@1, org.springframework.boot.test.context.SpringBootTestWebEnvironment@618425b5], resourceBasePath = 'src/main/webapp', contextLoader = 'org.springframework.boot.test.context.SpringBootContextLoader', parent = [null]], attributes = map['org.springframework.test.context.web.ServletTestExecutionListener.activateListener' -> true]], class annotated with @DirtiesContext [false] with mode [null].

  .   ____          _            __ _ _
 /\\ / ___'_ __ _ _(_)_ __  __ _ \ \ \ \
( ( )\___ | '_ | '_| | '_ \/ _` | \ \ \ \
 \\/  ___)| |_)| | | | | || (_| |  ) ) ) )
  '  |____| .__|_| |_|_| |_\__, | / / / /
 =========|_|==============|___/=/_/_/_/
 :: Spring Boot ::                (v2.7.7)

2023-05-27 02:37:30.268  INFO 21244 --- [    Test worker] c.e.h.HelloProjectApplicationTests       : Starting HelloProjectApplicationTests using Java 17.0.2 on DESKTOP-1EB4BNG with PID 21244 (started by dksqu in C:\Users\dksqu\Desktop\backend_portfolio_2023\hello-project\hello-project)
2023-05-27 02:37:30.271  INFO 21244 --- [    Test worker] c.e.h.HelloProjectApplicationTests       : The following 1 profile is active: "oauth"
2023-05-27 02:37:32.266  INFO 21244 --- [    Test worker] .s.d.r.c.RepositoryConfigurationDelegate : Bootstrapping Spring Data JPA repositories in DEFAULT mode.
2023-05-27 02:37:32.610  INFO 21244 --- [    Test worker] .s.d.r.c.RepositoryConfigurationDelegate : Finished Spring Data repository scanning in 324 ms. Found 15 JPA repository interfaces.
2023-05-27 02:37:33.946  INFO 21244 --- [    Test worker] com.zaxxer.hikari.HikariDataSource       : HikariPool-1 - Starting...
2023-05-27 02:37:34.555  INFO 21244 --- [    Test worker] com.zaxxer.hikari.HikariDataSource       : HikariPool-1 - Start completed.
2023-05-27 02:37:34.892  INFO 21244 --- [    Test worker] o.hibernate.jpa.internal.util.LogHelper  : HHH000204: Processing PersistenceUnitInfo [name: default]
2023-05-27 02:37:35.104  INFO 21244 --- [    Test worker] org.hibernate.Version                    : HHH000412: Hibernate ORM core version 5.6.14.Final
2023-05-27 02:37:35.680  INFO 21244 --- [    Test worker] o.hibernate.annotations.common.Version   : HCANN000001: Hibernate Commons Annotations {5.1.2.Final}
2023-05-27 02:37:35.932  INFO 21244 --- [    Test worker] org.hibernate.dialect.Dialect            : HHH000400: Using dialect: org.hibernate.dialect.MySQL57Dialect
2023-05-27 02:37:37.609  INFO 21244 --- [    Test worker] o.h.e.t.j.p.i.JtaPlatformInitiator       : HHH000490: Using JtaPlatform implementation: [org.hibernate.engine.transaction.jta.platform.internal.NoJtaPlatform]
2023-05-27 02:37:37.622  INFO 21244 --- [    Test worker] j.LocalContainerEntityManagerFactoryBean : Initialized JPA EntityManagerFactory for persistence unit 'default'
2023-05-27 02:37:41.711  INFO 21244 --- [    Test worker] o.s.s.web.DefaultSecurityFilterChain     : Will secure any request with [org.springframework.security.web.session.DisableEncodeUrlFilter@36299b83, org.springframework.security.web.context.request.async.WebAsyncManagerIntegrationFilter@7212d3df, org.springframework.security.web.context.SecurityContextPersistenceFilter@74b13aa, org.springframework.security.web.header.HeaderWriterFilter@12faeada, org.springframework.security.web.authentication.logout.LogoutFilter@3b32f0b4, org.springframework.security.oauth2.client.web.OAuth2AuthorizationRequestRedirectFilter@6f404bc6, org.springframework.security.oauth2.client.web.OAuth2LoginAuthenticationFilter@72bef795, org.springframework.security.web.authentication.UsernamePasswordAuthenticationFilter@5fa0943d, org.springframework.security.web.savedrequest.RequestCacheAwareFilter@106f0051, org.springframework.security.web.servletapi.SecurityContextHolderAwareRequestFilter@49231d79, org.springframework.security.web.authentication.AnonymousAuthenticationFilter@9886ec3, org.springframework.security.web.session.SessionManagementFilter@50ac63b2, org.springframework.security.web.access.ExceptionTranslationFilter@139da216, org.springframework.security.web.access.intercept.FilterSecurityInterceptor@3c1fd5aa]
2023-05-27 02:37:44.124  INFO 21244 --- [    Test worker] s.a.ScheduledAnnotationBeanPostProcessor : No TaskScheduler/ScheduledExecutorService bean found for scheduled processing
2023-05-27 02:37:44.150  INFO 21244 --- [    Test worker] c.e.h.HelloProjectApplicationTests       : Started HelloProjectApplicationTests in 14.353 seconds (JVM running for 17.179)
]]></system-out>
  <system-err><![CDATA[]]></system-err>
</testsuite>
